BUILD: [Thrd:Sequence:Type  ] Message
BUILD: [01:0000000131:ERRORE] C:\WINCE600\PLATFORM\Z2170P\SRC\BOOTLOADER\EBOOT\SDMEMORY\..\functionTest.c : error C2220: warning treated as error - no 'object' file generated
BUILD: [01:0000000133:ERRORE] C:\WINCE600\PLATFORM\Z2170P\SRC\BOOTLOADER\EBOOT\SDMEMORY\..\functionTest.c(20) : error C2001: newline in constant
BUILD: [01:0000000134:ERRORE] C:\WINCE600\PLATFORM\Z2170P\SRC\BOOTLOADER\EBOOT\SDMEMORY\..\functionTest.c(20) : error C2059: syntax error : 'string'
BUILD: [01:0000000135:ERRORE] C:\WINCE600\PLATFORM\Z2170P\SRC\BOOTLOADER\EBOOT\SDMEMORY\..\functionTest.c(25) : error C2059: syntax error : ','
BUILD: [01:0000000136:ERRORE] C:\WINCE600\PLATFORM\Z2170P\SRC\BOOTLOADER\EBOOT\SDMEMORY\..\functionTest.c(28) : error C2059: syntax error : ','
BUILD: [01:0000000137:ERRORE] C:\WINCE600\PLATFORM\Z2170P\SRC\BOOTLOADER\EBOOT\SDMEMORY\..\functionTest.c(31) : error C2059: syntax error : ','
BUILD: [01:0000000138:ERRORE] C:\WINCE600\PLATFORM\Z2170P\SRC\BOOTLOADER\EBOOT\SDMEMORY\..\functionTest.c(35) : error C2059: syntax error : '}'
